<?xml version="1.0" encoding="UTF-8"?>
<testsuite xmlns:xsi="http://www.w3.org/2001/XMLSchema-instance" xsi:noNamespaceSchemaLocation="https://maven.apache.org/surefire/maven-surefire-plugin/xsd/surefire-test-report-3.0.xsd" version="3.0" name="service.RunCucumberTest" time="0.712" tests="3" errors="0" skipped="0" failures="0">
  <properties>
[...]
</properties>
  <testcase name="Sunday isn&apos;t Friday" classname="Is it Friday yet?" time="0.131">
    <system-out><![CDATA[
Scenario: Sunday isn't Friday        &amp#27;[90m# service/is_it_friday_yet.feature:4&amp#27;[0m
  &amp#27;[32mGiven &amp#27;[0m&amp#27;[32mtoday is &amp#27;[0m&amp#27;[32m&amp#27;[1m"Sunday"&amp#27;[0m            &amp#27;[90m# service.Stepdefs.today_is_Sunday(java.lang.String)&amp#27;[0m
  &amp#27;[32mWhen &amp#27;[0m&amp#27;[32mI ask whether it's Friday yet&amp#27;[0m &amp#27;[90m# service.Stepdefs.i_ask_whether_it_s_Friday_yet()&amp#27;[0m
  &amp#27;[32mThen &amp#27;[0m&amp#27;[32mI should be told &amp#27;[0m&amp#27;[32m&amp#27;[1m"Nope"&amp#27;[0m       &amp#27;[90m# service.Stepdefs.i_should_be_told(java.lang.String)&amp#27;[0m
]]></system-out>
  </testcase>
  <testcase name="Monday isn&apos;t Friday" classname="Is it Friday yet?" time="0.016">
    <system-out><![CDATA[
Scenario: Monday isn't Friday        &amp#27;[90m# service/is_it_friday_yet.feature:9&amp#27;[0m
  &amp#27;[32mGiven &amp#27;[0m&amp#27;[32mtoday is &amp#27;[0m&amp#27;[32m&amp#27;[1m"Monday"&amp#27;[0m            &amp#27;[90m# service.Stepdefs.today_is_Sunday(java.lang.String)&amp#27;[0m
  &amp#27;[32mWhen &amp#27;[0m&amp#27;[32mI ask whether it's Friday yet&amp#27;[0m &amp#27;[90m# service.Stepdefs.i_ask_whether_it_s_Friday_yet()&amp#27;[0m
  &amp#27;[32mThen &amp#27;[0m&amp#27;[32mI should be told &amp#27;[0m&amp#27;[32m&amp#27;[1m"Nope"&amp#27;[0m       &amp#27;[90m# service.Stepdefs.i_should_be_told(java.lang.String)&amp#27;[0m
]]></system-out>
  </testcase>
  <testcase name="Day before Saturday is Friday" classname="Is it Friday yet?" time="0.021">
    <system-out><![CDATA[
Scenario: Day before Saturday is Friday &amp#27;[90m# service/is_it_friday_yet.feature:14&amp#27;[0m
  &amp#27;[32mGiven &amp#27;[0m&amp#27;[32mtoday is &amp#27;[0m&amp#27;[32m&amp#27;[1m"Friday"&amp#27;[0m               &amp#27;[90m# service.Stepdefs.today_is_Sunday(java.lang.String)&amp#27;[0m
  &amp#27;[32mWhen &amp#27;[0m&amp#27;[32mI ask whether it's Friday yet&amp#27;[0m    &amp#27;[90m# service.Stepdefs.i_ask_whether_it_s_Friday_yet()&amp#27;[0m
  &amp#27;[32mThen &amp#27;[0m&amp#27;[32mI should be told &amp#27;[0m&amp#27;[32m&amp#27;[1m"Yes"&amp#27;[0m           &amp#27;[90m# service.Stepdefs.i_should_be_told(java.lang.String)&amp#27;[0m
]]></system-out>
  </testcase>
</testsuite>